<?xml version="1.0" encoding="UTF-8"?>
<testsuite name="SplitterTest" tests="6" skipped="0" failures="0" errors="0" timestamp="2021-04-11T18:50:12" hostname="lebedev" time="1.331">
  <properties/>
  <testcase name="testParserStress()" classname="SplitterTest" time="1.03"/>
  <testcase name="testSyntaxError()" classname="SplitterTest" time="0.002"/>
  <testcase name="testCorrectnessStress()" classname="SplitterTest" time="0.294"/>
  <testcase name="testCorrectness()" classname="SplitterTest" time="0.001"/>
  <testcase name="testTypeError()" classname="SplitterTest" time="0.001"/>
  <testcase name="testCorrectsParser()" classname="SplitterTest" time="0.0"/>
  <system-out><![CDATA[]]></system-out>
  <system-err><![CDATA[]]></system-err>
</testsuite>
